Connecting to database specified by database.yml
No secret token environment variable set
Unable to get OPENSHIFT_SECRET_TOKEN, using default
No secret token environment variable set
Unable to get OPENSHIFT_SECRET_TOKEN, using default
  [1m[36m (0.2ms)[0m  [1mselect sqlite_version(*)[0m
  [1m[35m (140.6ms)[0m  CREATE TABLE "schema_migrations" ("version" varchar(255) NOT NULL) 
  [1m[36m (133.7ms)[0m  [1mCREATE UNIQUE INDEX "unique_schema_migrations" ON "schema_migrations" ("version")[0m
  [1m[35m (4.0ms)[0m  SELECT "schema_migrations"."version" FROM "schema_migrations" 
Migrating to CreatePosts (20130212150827)
  [1m[36m (0.1ms)[0m  [1mbegin transaction[0m
  [1m[35m (0.8ms)[0m  CREATE TABLE "posts" ("id" INTEGER PRIMARY KEY AUTOINCREMENT NOT NULL, "title" varchar(255), "body" text, "created_at" datetime NOT NULL, "updated_at" datetime NOT NULL) 
  [1m[36m (0.2ms)[0m  [1mINSERT INTO "schema_migrations" ("version") VALUES ('20130212150827')[0m
  [1m[35m (165.7ms)[0m  commit transaction
Migrating to DeviseCreateUsers (20130213110929)
  [1m[36m (0.1ms)[0m  [1mbegin transaction[0m
  [1m[35m (0.6ms)[0m  CREATE TABLE "users" ("id" INTEGER PRIMARY KEY AUTOINCREMENT NOT NULL, "email" varchar(255) DEFAULT '' NOT NULL, "encrypted_password" varchar(255) DEFAULT '' NOT NULL, "remember_created_at" datetime, "sign_in_count" integer DEFAULT 0, "current_sign_in_at" datetime, "last_sign_in_at" datetime, "current_sign_in_ip" varchar(255), "last_sign_in_ip" varchar(255), "is_blogger" boolean, "created_at" datetime NOT NULL, "updated_at" datetime NOT NULL) 
  [1m[36m (0.3ms)[0m  [1mCREATE UNIQUE INDEX "index_users_on_email" ON "users" ("email")[0m
  [1m[35m (0.2ms)[0m  INSERT INTO "schema_migrations" ("version") VALUES ('20130213110929')
  [1m[36m (125.4ms)[0m  [1mcommit transaction[0m
Migrating to CreateCategories (20131123104026)
  [1m[35m (0.1ms)[0m  begin transaction
  [1m[36m (0.6ms)[0m  [1mCREATE TABLE "categories" ("id" INTEGER PRIMARY KEY AUTOINCREMENT NOT NULL, "title" varchar(255), "created_at" datetime NOT NULL, "updated_at" datetime NOT NULL) [0m
  [1m[35m (0.2ms)[0m  INSERT INTO "schema_migrations" ("version") VALUES ('20131123104026')
  [1m[36m (118.9ms)[0m  [1mcommit transaction[0m
Migrating to AllMigrations (20131123144036)
  [1m[35m (0.1ms)[0m  begin transaction
  [1m[36m (0.8ms)[0m  [1mALTER TABLE "posts" ADD "user_id" integer[0m
  [1m[35m (0.5ms)[0m  ALTER TABLE "posts" ADD "category_id" integer
  [1m[36m (0.5ms)[0m  [1mALTER TABLE "users" ADD "provider" varchar(255)[0m
  [1m[35m (0.5ms)[0m  ALTER TABLE "users" ADD "uid" varchar(255)
  [1m[36m (0.5ms)[0m  [1mALTER TABLE "users" ADD "name" varchar(255)[0m
  [1m[35m (0.5ms)[0m  ALTER TABLE "users" ADD "user_pic" varchar(255)
  [1m[36m (0.3ms)[0m  [1mINSERT INTO "schema_migrations" ("version") VALUES ('20131123144036')[0m
  [1m[35m (145.5ms)[0m  commit transaction
Migrating to AddFriendlyId (20131123183035)
  [1m[36m (0.1ms)[0m  [1mbegin transaction[0m
  [1m[35m (0.7ms)[0m  ALTER TABLE "posts" ADD "slug" varchar(255)
  [1m[36m (0.5ms)[0m  [1mCREATE UNIQUE INDEX "index_posts_on_slug" ON "posts" ("slug")[0m
  [1m[35m (0.4ms)[0m  ALTER TABLE "categories" ADD "slug" varchar(255)
  [1m[36m (0.4ms)[0m  [1mCREATE UNIQUE INDEX "index_categories_on_slug" ON "categories" ("slug")[0m
  [1m[35m (0.2ms)[0m  INSERT INTO "schema_migrations" ("version") VALUES ('20131123183035')
  [1m[36m (126.7ms)[0m  [1mcommit transaction[0m
Migrating to AddComments (20131124063035)
  [1m[35m (0.1ms)[0m  begin transaction
  [1m[36m (0.5ms)[0m  [1mCREATE TABLE "comments" ("id" INTEGER PRIMARY KEY AUTOINCREMENT NOT NULL, "commentable_id" integer DEFAULT 0, "commentable_type" varchar(255) DEFAULT '', "title" varchar(255) DEFAULT '', "body" text DEFAULT '', "subject" varchar(255) DEFAULT '', "user_id" integer DEFAULT 0 NOT NULL, "parent_id" integer, "lft" integer, "rgt" integer, "created_at" datetime NOT NULL, "updated_at" datetime NOT NULL) [0m
  [1m[35m (0.3ms)[0m  CREATE INDEX "index_comments_on_user_id" ON "comments" ("user_id")
  [1m[36m (0.2ms)[0m  [1mCREATE INDEX "index_comments_on_commentable_id_and_commentable_type" ON "comments" ("commentable_id", "commentable_type")[0m
  [1m[35m (0.2ms)[0m  INSERT INTO "schema_migrations" ("version") VALUES ('20131124063035')
  [1m[36m (150.9ms)[0m  [1mcommit transaction[0m
  [1m[35m (0.2ms)[0m  SELECT "schema_migrations"."version" FROM "schema_migrations" 
Connecting to database specified by database.yml
No secret token environment variable set
Unable to get OPENSHIFT_SECRET_TOKEN, using default
No secret token environment variable set
Unable to get OPENSHIFT_SECRET_TOKEN, using default


Started GET "/" for 127.0.0.1 at 2014-01-14 21:22:03 +0600
  [1m[36mCategory Load (0.1ms)[0m  [1mSELECT "categories".* FROM "categories" [0m
Processing by PostsController#index as HTML
  [1m[35m (0.1ms)[0m  SELECT COUNT(*) FROM "posts" 
  Rendered posts/index.html.erb within layouts/application (9.3ms)
Compiled messenger-spinner.css  (0ms)  (pid 11597)
Compiled messenger-theme-future.css  (0ms)  (pid 11597)
Compiled messenger.css  (0ms)  (pid 11597)
Compiled application.css  (63ms)  (pid 11597)
Compiled jquery.js  (3ms)  (pid 11597)
Compiled bootstrap.min.js  (35ms)  (pid 11597)
Compiled jquery_ujs.js  (0ms)  (pid 11597)
Compiled messenger.js  (1ms)  (pid 11597)
Compiled flasher.js  (0ms)  (pid 11597)
Compiled share42.js  (0ms)  (pid 11597)
Compiled jquery.easing.1.3.js  (0ms)  (pid 11597)
Compiled comments.js  (670ms)  (pid 11597)
Compiled users.js  (0ms)  (pid 11597)
Compiled application.js  (878ms)  (pid 11597)
  [1m[36mCACHE (0.0ms)[0m  [1mSELECT "categories".* FROM "categories" [0m
Completed 200 OK in 1407ms (Views: 1404.5ms | ActiveRecord: 0.6ms)


Started GET "/assets/messenger-spinner.css?body=1" for 127.0.0.1 at 2014-01-14 21:22:05 +0600
Served asset /messenger-spinner.css - 304 Not Modified (20ms)


Started GET "/assets/messenger-theme-future.css?body=1" for 127.0.0.1 at 2014-01-14 21:22:05 +0600
Served asset /messenger-theme-future.css - 304 Not Modified (6ms)


Started GET "/assets/application.css?body=1" for 127.0.0.1 at 2014-01-14 21:22:05 +0600
Served asset /application.css - 304 Not Modified (31ms)


Started GET "/assets/bootstrap.min.js?body=1" for 127.0.0.1 at 2014-01-14 21:22:05 +0600
Served asset /bootstrap.min.js - 304 Not Modified (4ms)


Started GET "/assets/messenger.css?body=1" for 127.0.0.1 at 2014-01-14 21:22:05 +0600
Served asset /messenger.css - 304 Not Modified (6ms)


Started GET "/assets/jquery.js?body=1" for 127.0.0.1 at 2014-01-14 21:22:05 +0600
Served asset /jquery.js - 304 Not Modified (12ms)


Started GET "/assets/jquery_ujs.js?body=1" for 127.0.0.1 at 2014-01-14 21:22:05 +0600
Served asset /jquery_ujs.js - 304 Not Modified (10ms)


Started GET "/assets/messenger.js?body=1" for 127.0.0.1 at 2014-01-14 21:22:05 +0600
Served asset /messenger.js - 304 Not Modified (6ms)


Started GET "/assets/flasher.js?body=1" for 127.0.0.1 at 2014-01-14 21:22:05 +0600
Served asset /flasher.js - 304 Not Modified (4ms)


Started GET "/assets/share42.js?body=1" for 127.0.0.1 at 2014-01-14 21:22:05 +0600
Served asset /share42.js - 304 Not Modified (12ms)


Started GET "/assets/jquery.easing.1.3.js?body=1" for 127.0.0.1 at 2014-01-14 21:22:05 +0600
Served asset /jquery.easing.1.3.js - 304 Not Modified (4ms)


Started GET "/assets/comments.js?body=1" for 127.0.0.1 at 2014-01-14 21:22:05 +0600
Served asset /comments.js - 304 Not Modified (3ms)


Started GET "/assets/users.js?body=1" for 127.0.0.1 at 2014-01-14 21:22:05 +0600
Served asset /users.js - 304 Not Modified (2ms)


Started GET "/assets/application.js?body=1" for 127.0.0.1 at 2014-01-14 21:22:05 +0600
Served asset /application.js - 304 Not Modified (16ms)


Started GET "/favicon.ico" for 127.0.0.1 at 2014-01-14 21:22:06 +0600

ActionController::RoutingError (No route matches [GET] "/favicon.ico"):
  actionpack (3.2.13) lib/action_dispatch/middleware/debug_exceptions.rb:21:in `call'
  actionpack (3.2.13) lib/action_dispatch/middleware/show_exceptions.rb:56:in `call'
  railties (3.2.13) lib/rails/rack/logger.rb:32:in `call_app'
  railties (3.2.13) lib/rails/rack/logger.rb:16:in `block in call'
  activesupport (3.2.13) lib/active_support/tagged_logging.rb:22:in `tagged'
  railties (3.2.13) lib/rails/rack/logger.rb:16:in `call'
  actionpack (3.2.13) lib/action_dispatch/middleware/request_id.rb:22:in `call'
  rack (1.4.5) lib/rack/methodoverride.rb:21:in `call'
  rack (1.4.5) lib/rack/runtime.rb:17:in `call'
  activesupport (3.2.13) lib/active_support/cache/strategy/local_cache.rb:72:in `call'
  rack (1.4.5) lib/rack/lock.rb:15:in `call'
  actionpack (3.2.13) lib/action_dispatch/middleware/static.rb:63:in `call'
  railties (3.2.13) lib/rails/engine.rb:479:in `call'
  railties (3.2.13) lib/rails/application.rb:223:in `call'
  rack (1.4.5) lib/rack/content_length.rb:14:in `call'
  railties (3.2.13) lib/rails/rack/log_tailer.rb:17:in `call'
  rack (1.4.5) lib/rack/handler/webrick.rb:59:in `service'
  /home/vanopiano/.rvm/rubies/ruby-1.9.3-p448/lib/ruby/1.9.1/webrick/httpserver.rb:138:in `service'
  /home/vanopiano/.rvm/rubies/ruby-1.9.3-p448/lib/ruby/1.9.1/webrick/httpserver.rb:94:in `run'
  /home/vanopiano/.rvm/rubies/ruby-1.9.3-p448/lib/ruby/1.9.1/webrick/server.rb:191:in `block in start_thread'


  Rendered /home/vanopiano/.rvm/gems/ruby-1.9.3-p448/gems/actionpack-3.2.13/lib/action_dispatch/middleware/templates/rescues/routing_error.erb within rescues/layout (1.0ms)
Connecting to database specified by database.yml
No secret token environment variable set
Unable to get OPENSHIFT_SECRET_TOKEN, using default
No secret token environment variable set
Unable to get OPENSHIFT_SECRET_TOKEN, using default
  [1m[36m (2.7ms)[0m  [1mSELECT "schema_migrations"."version" FROM "schema_migrations" [0m
Migrating to CreatePosts (20130212150827)
Migrating to DeviseCreateUsers (20130213110929)
Migrating to CreateCategories (20131123104026)
Migrating to AllMigrations (20131123144036)
Migrating to AddFriendlyId (20131123183035)
Migrating to AddComments (20131124063035)
  [1m[35m (0.1ms)[0m  select sqlite_version(*)
  [1m[36m (0.2ms)[0m  [1mSELECT "schema_migrations"."version" FROM "schema_migrations" [0m
Connecting to database specified by database.yml
No secret token environment variable set
Unable to get OPENSHIFT_SECRET_TOKEN, using default
No secret token environment variable set
Unable to get OPENSHIFT_SECRET_TOKEN, using default
