Compiled jquery.js  (3ms)  (pid 1712)
Compiled jquery_ujs.js  (0ms)  (pid 1712)
Compiled jquery-hotkeys.js  (0ms)  (pid 1712)
Compiled messenger.js  (1ms)  (pid 1712)
Compiled flasher.js  (0ms)  (pid 1712)
Compiled bootstrap-wysiwyg.js  (0ms)  (pid 1712)
Compiled comments.js  (351ms)  (pid 1712)
Compiled posts.js  (282ms)  (pid 1712)
Compiled posts.js.coffee,  (0ms)  (pid 1712)
Compiled users.js  (0ms)  (pid 1712)
Compiled application.js  (777ms)  (pid 1712)
Compiled jquery.js  (3ms)  (pid 2871)
Compiled jquery_ujs.js  (0ms)  (pid 2871)
Compiled messenger.js  (1ms)  (pid 2871)
Compiled flasher.js  (0ms)  (pid 2871)
Compiled comments.js  (379ms)  (pid 2871)
Compiled posts.js  (304ms)  (pid 2871)
Compiled posts.js.coffee,  (0ms)  (pid 2871)
Compiled users.js  (0ms)  (pid 2871)
Compiled application.js  (795ms)  (pid 2871)
Compiled jquery.js  (2ms)  (pid 3020)
Compiled jquery_ujs.js  (0ms)  (pid 3020)
Compiled messenger.js  (1ms)  (pid 3020)
Compiled flasher.js  (0ms)  (pid 3020)
Compiled comments.js  (338ms)  (pid 3020)
Compiled users.js  (0ms)  (pid 3020)
Compiled application.js  (445ms)  (pid 3020)
Compiled messenger-spinner.css  (0ms)  (pid 3020)
Compiled messenger-theme-future.css  (0ms)  (pid 3020)
Compiled messenger.css  (0ms)  (pid 3020)
Compiled application.css  (28ms)  (pid 3020)
Compiled jquery.js  (2ms)  (pid 3020)
Compiled jquery_ujs.js  (0ms)  (pid 3020)
Compiled messenger.js  (1ms)  (pid 3020)
Compiled flasher.js  (0ms)  (pid 3020)
Compiled comments.js  (341ms)  (pid 3020)
Compiled users.js  (0ms)  (pid 3020)
Compiled application.js  (420ms)  (pid 3020)
Compiled messenger-spinner.css  (0ms)  (pid 3020)
Compiled messenger-theme-future.css  (0ms)  (pid 3020)
Compiled messenger.css  (0ms)  (pid 3020)
Compiled application.css  (45ms)  (pid 3020)
